Arguments: 
  C:\Program Files\nodejs\node.exe C:\Program Files (x86)\Yarn\bin\yarn.js add glifyjs-webpack-plugin optimize-css-assets-webpack-plugin -D

PATH: 
  C:\Users\LiuXiang\bin;C:\Program Files\Git\mingw64\bin;C:\Program Files\Git\usr\local\bin;C:\Program Files\Git\usr\bin;C:\Program Files\Git\usr\bin;C:\Program Files\Git\mingw64\bin;C:\Program Files\Git\usr\bin;C:\Users\LiuXiang\bin;C:\program files\graphicsmagick-1.3.30-q16;C:\Program Files (x86)\Common Files\Oracle\Java\javapath;C:\Program Files (x86)\Intel\iCLS Client;C:\Program Files\Intel\iCLS Client;C:\Windows\system32;C:\Windows;C:\Windows\System32\Wbem;C:\Windows\System32\WindowsPowerShell\v1.0;C:\Program Files (x86)\NVIDIA Corporation\PhysX\Common;C:\Program Files (x86)\Intel\Intel(R) Management Engine Components\DAL;C:\Program Files\Intel\Intel(R) Management Engine Components\DAL;C:\Program Files (x86)\Intel\Intel(R) Management Engine Components\IPT;C:\Program Files\Intel\Intel(R) Management Engine Components\IPT;C:\Users\LiuXiang\AppData\Roaming\nvm;C:\Program Files\Git\cmd;C:\WINDOWS\system32;C:\WINDOWS;C:\WINDOWS\System32\Wbem;C:\WINDOWS\System32\WindowsPowerShell\v1.0;C:\WINDOWS\System32\OpenSSH;D:\Softwares\Phthon;C:\Program Files (x86)\Yarn\bin;C:\Users\LiuXiang\AppData\Roaming\nvm;C:\Program Files\nodejs;D:\Softwares\Anaconda;D:\Softwares\Anaconda\Library\mingw-w64\bin;D:\Softwares\Anaconda\Library\usr\bin;D:\Softwares\Anaconda\Library\bin;D:\Softwares\Anaconda\Scripts;C:\Users\LiuXiang\AppData\Local\Programs\Python\Python37\Scripts;C:\Users\LiuXiang\AppData\Local\Programs\Python\Python37;D:\Softwares\Ruby25-x64\bin;C:\Users\LiuXiang\AppData\Local\Microsoft\WindowsApps;C:\Users\LiuXiang\AppData\Local\Yarn\bin;C:\Program Files\Git\usr\bin\vendor_perl;C:\Program Files\Git\usr\bin\core_perl

Yarn version: 
  1.12.3

Node version: 
  10.15.3

Platform: 
  win32 x64

Trace: 
  Error: https://registry.yarnpkg.com/glifyjs-webpack-plugin: Not found
      at Request.params.callback [as _callback] (C:\Program Files (x86)\Yarn\lib\cli.js:65003:18)
      at Request.self.callback (C:\Program Files (x86)\Yarn\lib\cli.js:129018:22)
      at Request.emit (events.js:189:13)
      at Request.<anonymous> (C:\Program Files (x86)\Yarn\lib\cli.js:129990:10)
      at Request.emit (events.js:189:13)
      at IncomingMessage.<anonymous> (C:\Program Files (x86)\Yarn\lib\cli.js:129912:12)
      at Object.onceWrapper (events.js:277:13)
      at IncomingMessage.emit (events.js:194:15)
      at endReadableNT (_stream_readable.js:1125:12)
      at process._tickCallback (internal/process/next_tick.js:63:19)

npm manifest: 
  {
    "name": "webpack4",
    "version": "1.0.0",
    "description": "",
    "main": "index.js",
    "scripts": {
      "test": "echo \"Error: no test specified\" && exit 1",
      "build": "webpack",
      "start": "webpack-dev-server"
    },
    "keywords": [],
    "author": "",
    "license": "ISC",
    "devDependencies": {
      "autoprefixer": "^9.3.1",
      "clean-webpack-plugin": "^1.0.0",
      "copy-webpack-plugin": "^4.6.0",
      "css-hot-loader": "^1.4.2",
      "css-loader": "^1.0.1",
      "file-loader": "^2.0.0",
      "glob": "^7.1.3",
      "html-webpack-plugin": "^3.2.0",
      "less": "^3.8.1",
      "less-loader": "^4.1.0",
      "mini-css-extract-plugin": "^0.4.4",
      "postcss-loader": "^3.0.0",
      "purify-css": "^1.2.5",
      "purifycss-webpack": "^0.7.0",
      "style-loader": "^0.23.1",
      "url-loader": "^1.1.2",
      "webpack": "^4.25.1",
      "webpack-cli": "^3.1.2",
      "webpack-dev-server": "^3.1.10"
    }
  }

yarn manifest: 
  No manifest

Lockfile: 
  No lockfile
